{
  "stats": {
    "suites": 1,
    "tests": 1,
    "passes": 1,
    "pending": 0,
    "failures": 0,
    "start": "2022-09-30T15:33:04.859Z",
    "end": "2022-09-30T15:33:10.569Z",
    "duration": 5710,
    "testsRegistered": 1,
    "passPercent": 100,
    "pendingPercent": 0,
    "other": 0,
    "hasOther": false,
    "skipped": 0,
    "hasSkipped": false
  },
  "results": [
    {
      "uuid": "fa4d856c-0580-423b-8ffc-af3f657ac5d6",
      "title": "",
      "fullFile": "cypress\\e2e\\snapshots.spec.js",
      "file": "cypress\\e2e\\snapshots.spec.js",
      "beforeHooks": [],
      "afterHooks": [],
      "tests": [],
      "suites": [
        {
          "uuid": "b0f7de81-2cfa-4202-8fd3-9959791b73cf",
          "title": "snapshots",
          "fullFile": "",
          "file": "",
          "beforeHooks": [],
          "afterHooks": [],
          "tests": [
            {
              "title": "test Percy",
              "fullTitle": "snapshots test Percy",
              "timedOut": null,
              "duration": 5656,
              "state": "passed",
              "speed": "medium",
              "pass": true,
              "fail": false,
              "pending": false,
              "context": null,
              "code": "cy.visit('/');\ncy.get('.sidebar').then(sideBar => {\n  cy.wait(1000);\n  cy.percySnapshot('tagList');\n});",
              "err": {},
              "uuid": "867d6d97-e9bf-4900-a469-990e2143fda7",
              "parentUUID": "b0f7de81-2cfa-4202-8fd3-9959791b73cf",
              "isHook": false,
              "skipped": false
            }
          ],
          "suites": [],
          "passes": [
            "867d6d97-e9bf-4900-a469-990e2143fda7"
          ],
          "failures": [],
          "pending": [],
          "skipped": [],
          "duration": 5656,
          "root": false,
          "rootEmpty": false,
          "_timeout": 2000
        }
      ],
      "passes": [],
      "failures": [],
      "pending": [],
      "skipped": [],
      "duration": 0,
      "root": true,
      "rootEmpty": true,
      "_timeout": 2000
    }
  ],
  "meta": {
    "mocha": {
      "version": "7.0.1"
    },
    "mochawesome": {
      "options": {
        "quiet": false,
        "reportFilename": "mochawesome",
        "saveHtml": false,
        "saveJson": true,
        "consoleReporter": "spec",
        "useInlineDiffs": false,
        "code": true
      },
      "version": "7.1.3"
    },
    "marge": {
      "options": {
        "id": "default",
        "reportDir": "cypress/results/mochawesome",
        "overwrite": false,
        "html": false,
        "json": true
      },
      "version": "6.2.0"
    }
  }
}